<?xml version="1.0" encoding="UTF-8"?>
<testsuites name="All login" time="260.449" tests="8" failures="0" errors="0">
   <testsuite name="All login" tests="8" failures="0" errors="0" time="260.449" skipped="0" timestamp="2023-07-18 14:04:27" hostname="CYANGATEDEV - DESKTOP-KRPGRRU" id="">
      <properties>
         <property name="deviceName" value=""/>
         <property name="devicePlatform" value=""/>
         <property name="logFolder" value="C:\\Users\\CYANGATEDEV\\git\\oneteg-katalon-test2\\Reports\\20230718_140419\\Login\\All login\\20230718_140419"/>
         <property name="logFiles" value="C:\\Users\\CYANGATEDEV\\git\\oneteg-katalon-test2\\Reports\\20230718_140419\\Login\\All login\\20230718_140419\\execution0.log"/>
         <property name="attachments" value=""/>
         <property name="hostName" value="CYANGATEDEV - DESKTOP-KRPGRRU"/>
         <property name="os" value="Windows 10 64bit"/>
         <property name="katalonVersion" value="8.6.5.208"/>
         <property name="browser" value="Chrome 114.0.0.0"/>
         <property name="hostAddress" value="10.8.0.73"/>
         <property name="sessionId" value="db70c12fe720c2cb8a479ac954e22f85"/>
         <property name="seleniumVersion" value="3.141.59"/>
         <property name="proxyInformation" value="ProxyInformation { proxyOption=NO_PROXY, proxyServerType=HTTP, username=, password=********, proxyServerAddress=, proxyServerPort=0, executionList=&quot;&quot;, isApplyToDesiredCapabilities=true }"/>
         <property name="platform" value="Windows 10"/>
      </properties>
      <testcase name="Test Cases/1-Login/Login_CheckPasswordFeature" time="34.54" classname="Test Cases/1-Login/Login_CheckPasswordFeature" status="PASSED">
         <system-out><![CDATA[2023-07-18 14:04:27 - [TEST_CASE][PASSED] - Test Cases/1-Login/Login_CheckPasswordFeature: Test Cases/1-Login/Login_CheckPasswordFeature

2023-07-18 14:04:28 - [TEST_STEP][PASSED] - openBrowser(""): Browser is opened with url: ''

2023-07-18 14:04:29 - [MESSAGE][INFO] - Starting 'Chrome' driver

2023-07-18 14:04:29 - [MESSAGE][INFO] - Action delay is set to 3.000 milliseconds

2023-07-18 14:04:31 - [MESSAGE][PASSED] - Browser is opened with url: ''

2023-07-18 14:04:31 - [TEST_STEP][PASSED] - navigateToUrl("https://app.qa.oneteg.com/"): Navigate to 'https://app.qa.oneteg.com/' successfully

2023-07-18 14:04:40 - [MESSAGE][PASSED] - Navigate to 'https://app.qa.oneteg.com/' successfully

2023-07-18 14:04:40 - [TEST_STEP][PASSED] - setText(findTestObject("Object Repository/Page_OneTeg  Simplified Integration/input_Email_login-username"), "bgovercin@cyangate.com"): Text 'bgovercin@cyangate.com' is set on object 'Object Repository/Page_OneTeg  Simplified Integration/input_Email_login-username'

2023-07-18 14:04:47 - [MESSAGE][PASSED] - Text 'bgovercin@cyangate.com' is set on object 'Object Repository/Page_OneTeg  Simplified Integration/input_Email_login-username'

2023-07-18 14:04:47 - [TEST_STEP][PASSED] - setEncryptedText(findTestObject("Object Repository/Page_OneTeg  Simplified Integration/input_Password_login-password"), "l8nIxjPZvqU="): Text ****** has been set on object 'Object Repository/Page_OneTeg  Simplified Integration/input_Password_login-password'

2023-07-18 14:04:54 - [MESSAGE][PASSED] - Text ****** has been set on object 'Object Repository/Page_OneTeg  Simplified Integration/input_Password_login-password'

2023-07-18 14:04:54 - [TEST_STEP][PASSED] - click(findTestObject("Object Repository/Page_OneTeg  Simplified Integration/i_Password_el-input__icon el-icon-view el-i_d02f2e")): Object: 'Object Repository/Page_OneTeg  Simplified Integration/i_Password_el-input__icon el-icon-view el-i_d02f2e' is clicked on

2023-07-18 14:04:58 - [MESSAGE][PASSED] - Object: 'Object Repository/Page_OneTeg  Simplified Integration/i_Password_el-input__icon el-icon-view el-i_d02f2e' is clicked on

2023-07-18 14:04:58 - [TEST_STEP][PASSED] - click(findTestObject("Object Repository/Page_OneTeg  Simplified Integration/i_Password_el-input__icon el-icon-view el-i_d02f2e")): Object: 'Object Repository/Page_OneTeg  Simplified Integration/i_Password_el-input__icon el-icon-view el-i_d02f2e' is clicked on

2023-07-18 14:05:01 - [MESSAGE][PASSED] - Object: 'Object Repository/Page_OneTeg  Simplified Integration/i_Password_el-input__icon el-icon-view el-i_d02f2e' is clicked on

2023-07-18 14:05:01 - [TEST_STEP][PASSED] - closeBrowser(): Browser is closed

2023-07-18 14:05:02 - [MESSAGE][PASSED] - Browser is closed]]></system-out>
         <system-err><![CDATA[]]></system-err>
      </testcase>
      <testcase name="Test Cases/1-Login/Login_DifferentLanguage" time="41.213" classname="Test Cases/1-Login/Login_DifferentLanguage" status="PASSED">
         <system-out><![CDATA[2023-07-18 14:05:02 - [TEST_CASE][PASSED] - Test Cases/1-Login/Login_DifferentLanguage: Test Cases/1-Login/Login_DifferentLanguage

2023-07-18 14:05:03 - [TEST_STEP][PASSED] - openBrowser(""): Browser is opened with url: ''

2023-07-18 14:05:03 - [MESSAGE][INFO] - Starting 'Chrome' driver

2023-07-18 14:05:03 - [MESSAGE][INFO] - Action delay is set to 3.000 milliseconds

2023-07-18 14:05:04 - [MESSAGE][PASSED] - Browser is opened with url: ''

2023-07-18 14:05:04 - [TEST_STEP][PASSED] - navigateToUrl("https://app.qa.oneteg.com/"): Navigate to 'https://app.qa.oneteg.com/' successfully

2023-07-18 14:05:14 - [MESSAGE][PASSED] - Navigate to 'https://app.qa.oneteg.com/' successfully

2023-07-18 14:05:14 - [TEST_STEP][PASSED] - setText(findTestObject("Object Repository/Page_OneTeg  Simplified Integration/input_Email_login-username"), "bgovercin@cyangate.com"): Text 'bgovercin@cyangate.com' is set on object 'Object Repository/Page_OneTeg  Simplified Integration/input_Email_login-username'

2023-07-18 14:05:21 - [MESSAGE][PASSED] - Text 'bgovercin@cyangate.com' is set on object 'Object Repository/Page_OneTeg  Simplified Integration/input_Email_login-username'

2023-07-18 14:05:21 - [TEST_STEP][PASSED] - setEncryptedText(findTestObject("Object Repository/Page_OneTeg  Simplified Integration/input_Password_login-password"), "Ivdx4VpTewhRw10ELGOG8w=="): Text ****** has been set on object 'Object Repository/Page_OneTeg  Simplified Integration/input_Password_login-password'

2023-07-18 14:05:27 - [MESSAGE][PASSED] - Text ****** has been set on object 'Object Repository/Page_OneTeg  Simplified Integration/input_Password_login-password'

2023-07-18 14:05:27 - [TEST_STEP][PASSED] - click(findTestObject("Object Repository/Page_OneTeg  Simplified Integration/form_EmailPasswordLanguageForgot PasswordLOGIN")): Object: 'Object Repository/Page_OneTeg  Simplified Integration/form_EmailPasswordLanguageForgot PasswordLOGIN' is clicked on

2023-07-18 14:05:31 - [MESSAGE][PASSED] - Object: 'Object Repository/Page_OneTeg  Simplified Integration/form_EmailPasswordLanguageForgot PasswordLOGIN' is clicked on

2023-07-18 14:05:31 - [TEST_STEP][PASSED] - click(findTestObject("Object Repository/Page_OneTeg  Simplified Integration/input_Language_login-language")): Object: 'Object Repository/Page_OneTeg  Simplified Integration/input_Language_login-language' is clicked on

2023-07-18 14:05:35 - [MESSAGE][PASSED] - Object: 'Object Repository/Page_OneTeg  Simplified Integration/input_Language_login-language' is clicked on

2023-07-18 14:05:35 - [TEST_STEP][PASSED] - click(findTestObject("Object Repository/Page_OneTeg  Simplified Integration/li_Trke")): Object: 'Object Repository/Page_OneTeg  Simplified Integration/li_Trke' is clicked on

2023-07-18 14:05:38 - [MESSAGE][PASSED] - Object: 'Object Repository/Page_OneTeg  Simplified Integration/li_Trke' is clicked on

2023-07-18 14:05:38 - [TEST_STEP][PASSED] - click(findTestObject("Object Repository/Page_OneTeg  Simplified Integration/button_GR")): Object: 'Object Repository/Page_OneTeg  Simplified Integration/button_GR' is clicked on

2023-07-18 14:05:42 - [MESSAGE][PASSED] - Object: 'Object Repository/Page_OneTeg  Simplified Integration/button_GR' is clicked on

2023-07-18 14:05:42 - [TEST_STEP][PASSED] - closeBrowser(): Browser is closed

2023-07-18 14:05:43 - [MESSAGE][PASSED] - Browser is closed]]></system-out>
         <system-err><![CDATA[]]></system-err>
      </testcase>
      <testcase name="Test Cases/1-Login/Login_HappyScenario" time="44.748" classname="Test Cases/1-Login/Login_HappyScenario" status="PASSED">
         <system-out><![CDATA[2023-07-18 14:05:43 - [TEST_CASE][PASSED] - Test Cases/1-Login/Login_HappyScenario: Test Cases/1-Login/Login_HappyScenario

2023-07-18 14:05:44 - [TEST_STEP][PASSED] - openBrowser(""): Browser is opened with url: ''

2023-07-18 14:05:44 - [MESSAGE][INFO] - Starting 'Chrome' driver

2023-07-18 14:05:44 - [MESSAGE][INFO] - Action delay is set to 3.000 milliseconds

2023-07-18 14:05:45 - [MESSAGE][PASSED] - Browser is opened with url: ''

2023-07-18 14:05:45 - [TEST_STEP][PASSED] - navigateToUrl(URL): Navigate to 'https://app.qa.oneteg.com/en/login' successfully

2023-07-18 14:05:54 - [MESSAGE][PASSED] - Navigate to 'https://app.qa.oneteg.com/en/login' successfully

2023-07-18 14:05:54 - [TEST_STEP][PASSED] - setText(findTestObject("Object Repository/Page_OneTeg  Simplified Integration/input_Email_login-username"), USERNAME): Text 'bgovercin@cyangate.com' is set on object 'Object Repository/Page_OneTeg  Simplified Integration/input_Email_login-username'

2023-07-18 14:06:01 - [MESSAGE][PASSED] - Text 'bgovercin@cyangate.com' is set on object 'Object Repository/Page_OneTeg  Simplified Integration/input_Email_login-username'

2023-07-18 14:06:01 - [TEST_STEP][PASSED] - setEncryptedText(findTestObject("Object Repository/Page_OneTeg  Simplified Integration/input_Password_login-password"), PASSWORD): Text ****** has been set on object 'Object Repository/Page_OneTeg  Simplified Integration/input_Password_login-password'

2023-07-18 14:06:07 - [MESSAGE][PASSED] - Text ****** has been set on object 'Object Repository/Page_OneTeg  Simplified Integration/input_Password_login-password'

2023-07-18 14:06:07 - [TEST_STEP][PASSED] - click(findTestObject("Object Repository/Page_OneTeg  Simplified Integration/button_LOGIN")): Object: 'Object Repository/Page_OneTeg  Simplified Integration/button_LOGIN' is clicked on

2023-07-18 14:06:11 - [MESSAGE][PASSED] - Object: 'Object Repository/Page_OneTeg  Simplified Integration/button_LOGIN' is clicked on

2023-07-18 14:06:11 - [TEST_STEP][PASSED] - click(findTestObject("Object Repository/Page_OneTeg  Simplified Integration/a_cyangateone_nav-link dropdown-toggle labe_63359a")): Object: 'Object Repository/Page_OneTeg  Simplified Integration/a_cyangateone_nav-link dropdown-toggle labe_63359a' is clicked on

2023-07-18 14:06:23 - [MESSAGE][PASSED] - Object: 'Object Repository/Page_OneTeg  Simplified Integration/a_cyangateone_nav-link dropdown-toggle labe_63359a' is clicked on

2023-07-18 14:06:23 - [TEST_STEP][PASSED] - click(findTestObject("Object Repository/Page_OneTeg  Simplified Integration/a_LogOut")): Object: 'Object Repository/Page_OneTeg  Simplified Integration/a_LogOut' is clicked on

2023-07-18 14:06:27 - [MESSAGE][PASSED] - Object: 'Object Repository/Page_OneTeg  Simplified Integration/a_LogOut' is clicked on

2023-07-18 14:06:27 - [TEST_STEP][PASSED] - closeBrowser(): Browser is closed

2023-07-18 14:06:28 - [MESSAGE][PASSED] - Browser is closed]]></system-out>
         <system-err><![CDATA[]]></system-err>
      </testcase>
      <testcase name="Test Cases/1-Login/Login_NegativeScenario1 (Wrong Username)" time="32.798" classname="Test Cases/1-Login/Login_NegativeScenario1 (Wrong Username)" status="PASSED">
         <system-out><![CDATA[2023-07-18 14:06:28 - [TEST_CASE][PASSED] - Test Cases/1-Login/Login_NegativeScenario1 (Wrong Username): Test Cases/1-Login/Login_NegativeScenario1 (Wrong Username)

2023-07-18 14:06:29 - [TEST_STEP][PASSED] - openBrowser(""): Browser is opened with url: ''

2023-07-18 14:06:29 - [MESSAGE][INFO] - Starting 'Chrome' driver

2023-07-18 14:06:29 - [MESSAGE][INFO] - Action delay is set to 3.000 milliseconds

2023-07-18 14:06:30 - [MESSAGE][PASSED] - Browser is opened with url: ''

2023-07-18 14:06:30 - [TEST_STEP][PASSED] - navigateToUrl(URL): Navigate to 'https://app.qa.oneteg.com/en/login' successfully

2023-07-18 14:06:43 - [MESSAGE][PASSED] - Navigate to 'https://app.qa.oneteg.com/en/login' successfully

2023-07-18 14:06:43 - [TEST_STEP][PASSED] - setText(findTestObject("Object Repository/Page_OneTeg  Simplified Integration/input_Email_login-username"), "bgovercinqcyangate.com"): Text 'bgovercinqcyangate.com' is set on object 'Object Repository/Page_OneTeg  Simplified Integration/input_Email_login-username'

2023-07-18 14:06:50 - [MESSAGE][PASSED] - Text 'bgovercinqcyangate.com' is set on object 'Object Repository/Page_OneTeg  Simplified Integration/input_Email_login-username'

2023-07-18 14:06:50 - [TEST_STEP][PASSED] - setEncryptedText(findTestObject("Object Repository/Page_OneTeg  Simplified Integration/input_Password_login-password"), PASSWORD): Text ****** has been set on object 'Object Repository/Page_OneTeg  Simplified Integration/input_Password_login-password'

2023-07-18 14:06:56 - [MESSAGE][PASSED] - Text ****** has been set on object 'Object Repository/Page_OneTeg  Simplified Integration/input_Password_login-password'

2023-07-18 14:06:56 - [TEST_STEP][PASSED] - click(findTestObject("Object Repository/Page_OneTeg  Simplified Integration/button_LOGIN")): Object: 'Object Repository/Page_OneTeg  Simplified Integration/button_LOGIN' is clicked on

2023-07-18 14:07:00 - [MESSAGE][PASSED] - Object: 'Object Repository/Page_OneTeg  Simplified Integration/button_LOGIN' is clicked on

2023-07-18 14:07:00 - [TEST_STEP][PASSED] - closeBrowser(): Browser is closed

2023-07-18 14:07:01 - [MESSAGE][PASSED] - Browser is closed]]></system-out>
         <system-err><![CDATA[]]></system-err>
      </testcase>
      <testcase name="Test Cases/1-Login/Login_NegativeScenario2 (Empty Username)" time="32.709" classname="Test Cases/1-Login/Login_NegativeScenario2 (Empty Username)" status="PASSED">
         <system-out><![CDATA[2023-07-18 14:07:01 - [TEST_CASE][PASSED] - Test Cases/1-Login/Login_NegativeScenario2 (Empty Username): Test Cases/1-Login/Login_NegativeScenario2 (Empty Username)

2023-07-18 14:07:02 - [TEST_STEP][PASSED] - openBrowser(""): Browser is opened with url: ''

2023-07-18 14:07:02 - [MESSAGE][INFO] - Starting 'Chrome' driver

2023-07-18 14:07:02 - [MESSAGE][INFO] - Action delay is set to 3.000 milliseconds

2023-07-18 14:07:03 - [MESSAGE][PASSED] - Browser is opened with url: ''

2023-07-18 14:07:03 - [TEST_STEP][PASSED] - navigateToUrl(URL): Navigate to 'https://app.qa.oneteg.com/en/login' successfully

2023-07-18 14:07:16 - [MESSAGE][PASSED] - Navigate to 'https://app.qa.oneteg.com/en/login' successfully

2023-07-18 14:07:16 - [TEST_STEP][PASSED] - setText(findTestObject("Object Repository/Page_OneTeg  Simplified Integration/input_Email_login-username"), ""): Text '' is set on object 'Object Repository/Page_OneTeg  Simplified Integration/input_Email_login-username'

2023-07-18 14:07:22 - [MESSAGE][PASSED] - Text '' is set on object 'Object Repository/Page_OneTeg  Simplified Integration/input_Email_login-username'

2023-07-18 14:07:22 - [TEST_STEP][PASSED] - setEncryptedText(findTestObject("Object Repository/Page_OneTeg  Simplified Integration/input_Password_login-password"), PASSWORD): Text ****** has been set on object 'Object Repository/Page_OneTeg  Simplified Integration/input_Password_login-password'

2023-07-18 14:07:29 - [MESSAGE][PASSED] - Text ****** has been set on object 'Object Repository/Page_OneTeg  Simplified Integration/input_Password_login-password'

2023-07-18 14:07:29 - [TEST_STEP][PASSED] - click(findTestObject("Object Repository/Page_OneTeg  Simplified Integration/button_LOGIN")): Object: 'Object Repository/Page_OneTeg  Simplified Integration/button_LOGIN' is clicked on

2023-07-18 14:07:33 - [MESSAGE][PASSED] - Object: 'Object Repository/Page_OneTeg  Simplified Integration/button_LOGIN' is clicked on

2023-07-18 14:07:33 - [TEST_STEP][PASSED] - closeBrowser(): Browser is closed

2023-07-18 14:07:33 - [MESSAGE][PASSED] - Browser is closed]]></system-out>
         <system-err><![CDATA[]]></system-err>
      </testcase>
      <testcase name="Test Cases/1-Login/Login_NegativeScenario3 (Wrong Password)" time="27.976" classname="Test Cases/1-Login/Login_NegativeScenario3 (Wrong Password)" status="PASSED">
         <system-out><![CDATA[2023-07-18 14:07:33 - [TEST_CASE][PASSED] - Test Cases/1-Login/Login_NegativeScenario3 (Wrong Password): Test Cases/1-Login/Login_NegativeScenario3 (Wrong Password)

2023-07-18 14:07:34 - [TEST_STEP][PASSED] - openBrowser(""): Browser is opened with url: ''

2023-07-18 14:07:34 - [MESSAGE][INFO] - Starting 'Chrome' driver

2023-07-18 14:07:34 - [MESSAGE][INFO] - Action delay is set to 3.000 milliseconds

2023-07-18 14:07:36 - [MESSAGE][PASSED] - Browser is opened with url: ''

2023-07-18 14:07:36 - [TEST_STEP][PASSED] - navigateToUrl(URL): Navigate to 'https://app.qa.oneteg.com/en/login' successfully

2023-07-18 14:07:43 - [MESSAGE][PASSED] - Navigate to 'https://app.qa.oneteg.com/en/login' successfully

2023-07-18 14:07:43 - [TEST_STEP][PASSED] - setText(findTestObject("Object Repository/Page_OneTeg  Simplified Integration/input_Email_login-username"), USERNAME): Text 'bgovercin@cyangate.com' is set on object 'Object Repository/Page_OneTeg  Simplified Integration/input_Email_login-username'

2023-07-18 14:07:50 - [MESSAGE][PASSED] - Text 'bgovercin@cyangate.com' is set on object 'Object Repository/Page_OneTeg  Simplified Integration/input_Email_login-username'

2023-07-18 14:07:50 - [TEST_STEP][PASSED] - setEncryptedText(findTestObject("Object Repository/Page_OneTeg  Simplified Integration/input_Password_login-password"), "2Uuy2fPQ37E="): Text ****** has been set on object 'Object Repository/Page_OneTeg  Simplified Integration/input_Password_login-password'

2023-07-18 14:07:57 - [MESSAGE][PASSED] - Text ****** has been set on object 'Object Repository/Page_OneTeg  Simplified Integration/input_Password_login-password'

2023-07-18 14:07:57 - [TEST_STEP][PASSED] - click(findTestObject("Object Repository/Page_OneTeg  Simplified Integration/button_LOGIN")): Object: 'Object Repository/Page_OneTeg  Simplified Integration/button_LOGIN' is clicked on

2023-07-18 14:08:01 - [MESSAGE][PASSED] - Object: 'Object Repository/Page_OneTeg  Simplified Integration/button_LOGIN' is clicked on

2023-07-18 14:08:01 - [TEST_STEP][PASSED] - closeBrowser(): Browser is closed

2023-07-18 14:08:01 - [MESSAGE][PASSED] - Browser is closed]]></system-out>
         <system-err><![CDATA[]]></system-err>
      </testcase>
      <testcase name="Test Cases/1-Login/Login_NegativeScenario4 (Empty Password)" time="28.153" classname="Test Cases/1-Login/Login_NegativeScenario4 (Empty Password)" status="PASSED">
         <system-out><![CDATA[2023-07-18 14:08:01 - [TEST_CASE][PASSED] - Test Cases/1-Login/Login_NegativeScenario4 (Empty Password): Test Cases/1-Login/Login_NegativeScenario4 (Empty Password)

2023-07-18 14:08:02 - [TEST_STEP][PASSED] - openBrowser(""): Browser is opened with url: ''

2023-07-18 14:08:02 - [MESSAGE][INFO] - Starting 'Chrome' driver

2023-07-18 14:08:02 - [MESSAGE][INFO] - Action delay is set to 3.000 milliseconds

2023-07-18 14:08:04 - [MESSAGE][PASSED] - Browser is opened with url: ''

2023-07-18 14:08:04 - [TEST_STEP][PASSED] - navigateToUrl(URL): Navigate to 'https://app.qa.oneteg.com/en/login' successfully

2023-07-18 14:08:11 - [MESSAGE][PASSED] - Navigate to 'https://app.qa.oneteg.com/en/login' successfully

2023-07-18 14:08:11 - [TEST_STEP][PASSED] - setText(findTestObject("Object Repository/Page_OneTeg  Simplified Integration/input_Email_login-username"), USERNAME): Text 'bgovercin@cyangate.com' is set on object 'Object Repository/Page_OneTeg  Simplified Integration/input_Email_login-username'

2023-07-18 14:08:18 - [MESSAGE][PASSED] - Text 'bgovercin@cyangate.com' is set on object 'Object Repository/Page_OneTeg  Simplified Integration/input_Email_login-username'

2023-07-18 14:08:18 - [TEST_STEP][PASSED] - setEncryptedText(findTestObject("Object Repository/Page_OneTeg  Simplified Integration/input_Password_login-password"), ""): Text ****** has been set on object 'Object Repository/Page_OneTeg  Simplified Integration/input_Password_login-password'

2023-07-18 14:08:25 - [MESSAGE][PASSED] - Text ****** has been set on object 'Object Repository/Page_OneTeg  Simplified Integration/input_Password_login-password'

2023-07-18 14:08:25 - [TEST_STEP][PASSED] - click(findTestObject("Object Repository/Page_OneTeg  Simplified Integration/button_LOGIN")): Object: 'Object Repository/Page_OneTeg  Simplified Integration/button_LOGIN' is clicked on

2023-07-18 14:08:29 - [MESSAGE][PASSED] - Object: 'Object Repository/Page_OneTeg  Simplified Integration/button_LOGIN' is clicked on

2023-07-18 14:08:29 - [TEST_STEP][PASSED] - closeBrowser(): Browser is closed

2023-07-18 14:08:30 - [MESSAGE][PASSED] - Browser is closed]]></system-out>
         <system-err><![CDATA[]]></system-err>
      </testcase>
      <testcase name="Test Cases/1-Login/Login_NegativeScenario5 (Empty Username and Password)" time="17.734" classname="Test Cases/1-Login/Login_NegativeScenario5 (Empty Username and Password)" status="PASSED">
         <system-out><![CDATA[2023-07-18 14:08:30 - [TEST_CASE][PASSED] - Test Cases/1-Login/Login_NegativeScenario5 (Empty Username and Password): Test Cases/1-Login/Login_NegativeScenario5 (Empty Username and Password)

2023-07-18 14:08:30 - [TEST_STEP][PASSED] - openBrowser(""): Browser is opened with url: ''

2023-07-18 14:08:30 - [MESSAGE][INFO] - Starting 'Chrome' driver

2023-07-18 14:08:30 - [MESSAGE][INFO] - Action delay is set to 3.000 milliseconds

2023-07-18 14:08:32 - [MESSAGE][PASSED] - Browser is opened with url: ''

2023-07-18 14:08:32 - [TEST_STEP][PASSED] - navigateToUrl("https://app.qa.oneteg.com/en/login"): Navigate to 'https://app.qa.oneteg.com/en/login' successfully

2023-07-18 14:08:39 - [MESSAGE][PASSED] - Navigate to 'https://app.qa.oneteg.com/en/login' successfully

2023-07-18 14:08:39 - [TEST_STEP][PASSED] - click(findTestObject("Object Repository/Page_OneTeg  Simplified Integration/input_Email_login-username")): Object: 'Object Repository/Page_OneTeg  Simplified Integration/input_Email_login-username' is clicked on

2023-07-18 14:08:43 - [MESSAGE][PASSED] - Object: 'Object Repository/Page_OneTeg  Simplified Integration/input_Email_login-username' is clicked on

2023-07-18 14:08:43 - [TEST_STEP][PASSED] - click(findTestObject("Object Repository/Page_OneTeg  Simplified Integration/button_LOGIN")): Object: 'Object Repository/Page_OneTeg  Simplified Integration/button_LOGIN' is clicked on

2023-07-18 14:08:47 - [MESSAGE][PASSED] - Object: 'Object Repository/Page_OneTeg  Simplified Integration/button_LOGIN' is clicked on

2023-07-18 14:08:47 - [TEST_STEP][PASSED] - closeBrowser(): Browser is closed

2023-07-18 14:08:47 - [MESSAGE][PASSED] - Browser is closed]]></system-out>
         <system-err><![CDATA[]]></system-err>
      </testcase>
      <system-out><![CDATA[2023-07-18 14:04:27 - [TEST_SUITE][PASSED] - All login: Test Cases/1-Login/Login_NegativeScenario5 (Empty Username and Password)]]></system-out>
      <system-err><![CDATA[]]></system-err>
   </testsuite>
</testsuites>
