<?xml version="1.0" encoding="UTF-8"?>
<testsuites name="Basic Flows" time="162.783" tests="1" failures="0" errors="0">
   <testsuite name="Basic Flows" tests="1" failures="0" errors="0" time="162.783" skipped="0" timestamp="2023-08-02 14:27:16" hostname="CYANGATEDEV - DESKTOP-KRPGRRU" id="">
      <properties>
         <property name="deviceName" value=""/>
         <property name="devicePlatform" value=""/>
         <property name="logFolder" value="C:\\Users\\CYANGATEDEV\\git\\oneteg-katalon-test\\Reports\\20230802_142706\\Flow Check\\Basic Flows\\20230802_142706"/>
         <property name="logFiles" value="C:\\Users\\CYANGATEDEV\\git\\oneteg-katalon-test\\Reports\\20230802_142706\\Flow Check\\Basic Flows\\20230802_142706\\execution0.log"/>
         <property name="attachments" value=""/>
         <property name="hostName" value="CYANGATEDEV - DESKTOP-KRPGRRU"/>
         <property name="os" value="Windows 10 64bit"/>
         <property name="katalonVersion" value="8.6.5.208"/>
         <property name="browser" value="Chrome 115.0.0.0"/>
         <property name="hostAddress" value="10.8.0.73"/>
         <property name="sessionId" value="0d4e5b0eccc4b954c774d347a55af36f"/>
         <property name="seleniumVersion" value="3.141.59"/>
         <property name="proxyInformation" value="ProxyInformation { proxyOption=NO_PROXY, proxyServerType=HTTP, username=, password=********, proxyServerAddress=, proxyServerPort=0, executionList=&quot;&quot;, isApplyToDesiredCapabilities=true }"/>
         <property name="platform" value="Windows 10"/>
      </properties>
      <testcase name="Test Cases/Smoke Testing/Basic Flow Check/4AllPortal Flow Check" time="162.219" classname="Test Cases/Smoke Testing/Basic Flow Check/4AllPortal Flow Check" status="PASSED">
         <system-out><![CDATA[2023-08-02 14:27:17 - [TEST_CASE][PASSED] - Test Cases/Smoke Testing/Basic Flow Check/4AllPortal Flow Check: Test Cases/Smoke Testing/Basic Flow Check/4AllPortal Flow Check

2023-08-02 14:27:18 - [TEST_STEP][PASSED] - callTestCase(findTestCase("1-Login/Login_WithoutLogout"), [:], STOP_ON_FAILURE): Call Test Case 'Test Cases/1-Login/Login_WithoutLogout' successfully

2023-08-02 14:27:18 - [TEST_CASE][PASSED] - Test Cases/1-Login/Login_WithoutLogout: Test Cases/1-Login/Login_WithoutLogout

2023-08-02 14:27:19 - [TEST_STEP][PASSED] - openBrowser(""): Browser is opened with url: ''

2023-08-02 14:27:20 - [MESSAGE][INFO] - Starting 'Chrome' driver

2023-08-02 14:27:20 - [MESSAGE][INFO] - Action delay is set to 0 milliseconds

2023-08-02 14:27:23 - [MESSAGE][PASSED] - Browser is opened with url: ''

2023-08-02 14:27:23 - [TEST_STEP][PASSED] - navigateToUrl(URL): Navigate to 'https://app.qa.oneteg.com/en/login' successfully

2023-08-02 14:27:28 - [MESSAGE][PASSED] - Navigate to 'https://app.qa.oneteg.com/en/login' successfully

2023-08-02 14:27:28 - [TEST_STEP][PASSED] - maximizeWindow(): Current window maximized

2023-08-02 14:27:28 - [MESSAGE][PASSED] - Current window maximized

2023-08-02 14:27:28 - [TEST_STEP][PASSED] - setText(findTestObject("Object Repository/Page_OneTeg  Simplified Integration/input_Email_login-username"), USERNAME): Text 'zcakar@cyangate.com' is set on object 'Object Repository/Page_OneTeg  Simplified Integration/input_Email_login-username'

2023-08-02 14:27:29 - [MESSAGE][PASSED] - Text 'zcakar@cyangate.com' is set on object 'Object Repository/Page_OneTeg  Simplified Integration/input_Email_login-username'

2023-08-02 14:27:29 - [TEST_STEP][PASSED] - setEncryptedText(findTestObject("Object Repository/Page_OneTeg  Simplified Integration/input_Password_login-password"), PASSWORD): Text ****** has been set on object 'Object Repository/Page_OneTeg  Simplified Integration/input_Password_login-password'

2023-08-02 14:27:30 - [MESSAGE][PASSED] - Text ****** has been set on object 'Object Repository/Page_OneTeg  Simplified Integration/input_Password_login-password'

2023-08-02 14:27:30 - [TEST_STEP][PASSED] - click(findTestObject("Object Repository/Page_OneTeg  Simplified Integration/button_LOGIN")): Object: 'Object Repository/Page_OneTeg  Simplified Integration/button_LOGIN' is clicked on

2023-08-02 14:27:30 - [MESSAGE][PASSED] - Object: 'Object Repository/Page_OneTeg  Simplified Integration/button_LOGIN' is clicked on

2023-08-02 14:27:30 - [MESSAGE][PASSED] - Call Test Case 'Test Cases/1-Login/Login_WithoutLogout' successfully

2023-08-02 14:27:30 - [TEST_STEP][PASSED] - click(findTestObject("Object Repository/Page_OneTeg  Simplified Integration/li_Flows")): Object: 'Object Repository/Page_OneTeg  Simplified Integration/li_Flows' is clicked on

2023-08-02 14:27:34 - [MESSAGE][PASSED] - Object: 'Object Repository/Page_OneTeg  Simplified Integration/li_Flows' is clicked on

2023-08-02 14:27:34 - [TEST_STEP][PASSED] - setText(findTestObject("Object Repository/Page_OneTeg  Simplified Integration/input_Active_search-input"), "4Allportal Hospital Basic Flow"): Text '4Allportal Hospital Basic Flow' is set on object 'Object Repository/Page_OneTeg  Simplified Integration/input_Active_search-input'

2023-08-02 14:27:37 - [MESSAGE][PASSED] - Text '4Allportal Hospital Basic Flow' is set on object 'Object Repository/Page_OneTeg  Simplified Integration/input_Active_search-input'

2023-08-02 14:27:37 - [TEST_STEP][PASSED] - click(findTestObject("Object Repository/Page_OneTeg  Simplified Integration/td_4Allportal Hospital Basic Flow  v9")): Object: 'Object Repository/Page_OneTeg  Simplified Integration/td_4Allportal Hospital Basic Flow  v9' is clicked on

2023-08-02 14:27:43 - [MESSAGE][PASSED] - Object: 'Object Repository/Page_OneTeg  Simplified Integration/td_4Allportal Hospital Basic Flow  v9' is clicked on

2023-08-02 14:27:43 - [TEST_STEP][PASSED] - click(findTestObject("Object Repository/Page_OneTeg  Simplified Integration/div_Apps Get all respository apps (GET)")): Object: 'Object Repository/Page_OneTeg  Simplified Integration/div_Apps Get all respository apps (GET)' is clicked on

2023-08-02 14:27:46 - [MESSAGE][PASSED] - Object: 'Object Repository/Page_OneTeg  Simplified Integration/div_Apps Get all respository apps (GET)' is clicked on

2023-08-02 14:27:46 - [TEST_STEP][PASSED] - click(findTestObject("Object Repository/Page_OneTeg  Simplified Integration/button_Apps Get all respository apps (GET)__1baa0f")): Object: 'Object Repository/Page_OneTeg  Simplified Integration/button_Apps Get all respository apps (GET)__1baa0f' is clicked on

2023-08-02 14:27:48 - [MESSAGE][PASSED] - Object: 'Object Repository/Page_OneTeg  Simplified Integration/button_Apps Get all respository apps (GET)__1baa0f' is clicked on

2023-08-02 14:27:48 - [TEST_STEP][PASSED] - verifyElementPresent(findTestObject("Page_OneTeg  Simplified Integration/4Allportal Flow - Process completed"), 0): Object 'Object Repository/Page_OneTeg  Simplified Integration/4Allportal Flow - Process completed' is present

2023-08-02 14:27:49 - [MESSAGE][WARNING] - Timeout '0' is invalid. Using default page load timeout: '30'

2023-08-02 14:28:23 - [MESSAGE][PASSED] - Object 'Object Repository/Page_OneTeg  Simplified Integration/4Allportal Flow - Process completed' is present

2023-08-02 14:28:23 - [TEST_STEP][PASSED] - click(findTestObject("Page_OneTeg  Simplified Integration/li_Activities")): Object: 'Object Repository/Page_OneTeg  Simplified Integration/li_Activities' is clicked on

2023-08-02 14:28:53 - [MESSAGE][PASSED] - Object: 'Object Repository/Page_OneTeg  Simplified Integration/li_Activities' is clicked on

2023-08-02 14:28:53 - [TEST_STEP][PASSED] - delay(3): Delayed 3 second(s)

2023-08-02 14:28:56 - [MESSAGE][PASSED] - Delayed 3 second(s)

2023-08-02 14:28:56 - [TEST_STEP][PASSED] - callTestCase(findTestCase("1-Login/Just Logout"), [:], STOP_ON_FAILURE): Call Test Case 'Test Cases/1-Login/Just Logout' successfully

2023-08-02 14:28:56 - [TEST_CASE][PASSED] - Test Cases/1-Login/Just Logout: Test Cases/1-Login/Just Logout

2023-08-02 14:28:57 - [TEST_STEP][PASSED] - click(findTestObject("Object Repository/Page_OneTeg  Simplified Integration/a_cyangateone_nav-link dropdown-toggle labe_63359a")): Object: 'Object Repository/Page_OneTeg  Simplified Integration/a_cyangateone_nav-link dropdown-toggle labe_63359a' is clicked on

2023-08-02 14:29:28 - [MESSAGE][PASSED] - Object: 'Object Repository/Page_OneTeg  Simplified Integration/a_cyangateone_nav-link dropdown-toggle labe_63359a' is clicked on

2023-08-02 14:29:28 - [TEST_STEP][PASSED] - click(findTestObject("Object Repository/Page_OneTeg  Simplified Integration/a_LogOut")): Object: 'Object Repository/Page_OneTeg  Simplified Integration/a_LogOut' is clicked on

2023-08-02 14:29:58 - [MESSAGE][PASSED] - Object: 'Object Repository/Page_OneTeg  Simplified Integration/a_LogOut' is clicked on

2023-08-02 14:29:58 - [TEST_STEP][PASSED] - closeBrowser(): Browser is closed

2023-08-02 14:29:59 - [MESSAGE][PASSED] - Browser is closed

2023-08-02 14:29:59 - [MESSAGE][PASSED] - Call Test Case 'Test Cases/1-Login/Just Logout' successfully]]></system-out>
         <system-err><![CDATA[]]></system-err>
      </testcase>
      <system-out><![CDATA[2023-08-02 14:27:16 - [TEST_SUITE][PASSED] - Basic Flows: Test Cases/Smoke Testing/Basic Flow Check/4AllPortal Flow Check]]></system-out>
      <system-err><![CDATA[]]></system-err>
   </testsuite>
</testsuites>
